<?xml version="1.0" encoding="UTF-8"?>
<!-- Generated by org.testng.reporters.JUnitReportReporter -->
<testsuite hostname="LAPTOP-SP4PVLF4" failures="0" tests="5" name="khan_academy.khan_academy" time="168.332" errors="0" timestamp="2022-12-15T21:02:31 IST" skipped="0">
  <testcase classname="khan_academy.khan_academy" name="signin" time="10.294"/>
  <system-out/>
  <testcase classname="khan_academy.khan_academy" name="settings" time="6.921"/>
  <system-out/>
  <testcase classname="khan_academy.khan_academy" name="select_lang" time="5.697"/>
  <system-out/>
  <testcase classname="khan_academy.khan_academy" name="computing_share" time="79.224"/>
  <system-out/>
  <testcase classname="khan_academy.khan_academy" name="economics_bookmarks" time="66.196"/>
  <system-out/>
</testsuite> <!-- khan_academy.khan_academy -->
